# JRE version: OpenJDK Runtime Environment Temurin-21.0.9+10 (21.0.9+10) (build 21.0.9+10-LTS)
# Java VM: OpenJDK 64-Bit Server VM Temurin-21.0.9+10 (21.0.9+10-LTS, mixed mode, sharing, tiered, compressed oops, compressed class ptrs, g1 gc, windows-amd64)
GC Precious Log:
 CardTable entry size: 512
 Card Set container configuration: InlinePtr #cards 5 size 8 Array Of Cards #cards 12 size 40 Howl #buckets 4 coarsen threshold 1843 Howl Bitmap #cards 512 size 80 coarsen threshold 460 Card regions per heap region 1 cards per card region 2048
 CPUs: 12 total, 12 available
 Memory: 7518M
 Large Page Support: Disabled
 NUMA Support: Disabled
 Compressed Oops: Enabled (32-bit)
 Heap Region Size: 1M
 Heap Min Capacity: 8M
 Heap Initial Capacity: 118M
 Heap Max Capacity: 1880M
 Pre-touch: Disabled
 Parallel Workers: 10
 Concurrent Workers: 3
 Concurrent Refinement Workers: 10
 Periodic GC: Disabled
Heap:
 garbage-first heap   total 145408K, used 24925K [0x000000008a800000, 0x0000000100000000)
  region size 1024K, 7 young (7168K), 1 survivors (1024K)
 Metaspace       used 16654K, committed 16896K, reserved 1114112K
  class space    used 1881K, committed 1984K, reserved 1048576K
GC Heap History (13 events):
Event: 0.795 GC heap before
{Heap before GC invocations=0 (full 0):
 garbage-first heap   total 120832K, used 23552K [0x000000008a800000, 0x0000000100000000)
  region size 1024K, 23 young (23552K), 0 survivors (0K)
 Metaspace       used 5618K, committed 5824K, reserved 1114112K
  class space    used 664K, committed 768K, reserved 1048576K
}
Event: 0.804 GC heap after
{Heap after GC invocations=1 (full 0):
 garbage-first heap   total 120832K, used 3712K [0x000000008a800000, 0x0000000100000000)
  region size 1024K, 3 young (3072K), 3 survivors (3072K)
 Metaspace       used 5618K, committed 5824K, reserved 1114112K
  class space    used 664K, committed 768K, reserved 1048576K
}
Event: 1.421 GC heap before
{Heap before GC invocations=1 (full 0):
 garbage-first heap   total 120832K, used 35456K [0x000000008a800000, 0x0000000100000000)
  region size 1024K, 34 young (34816K), 3 survivors (3072K)
 Metaspace       used 10015K, committed 10240K, reserved 1114112K
  class space    used 1207K, committed 1280K, reserved 1048576K
}
Event: 1.429 GC heap after
{Heap after GC invocations=2 (full 0):
 garbage-first heap   total 120832K, used 5937K [0x000000008a800000, 0x0000000100000000)
  region size 1024K, 2 young (2048K), 2 survivors (2048K)
 Metaspace       used 10015K, committed 10240K, reserved 1114112K
  class space    used 1207K, committed 1280K, reserved 1048576K
}
Event: 2.924 GC heap before
{Heap before GC invocations=2 (full 0):
 garbage-first heap   total 120832K, used 75569K [0x000000008a800000, 0x0000000100000000)
  region size 1024K, 70 young (71680K), 2 survivors (2048K)
 Metaspace       used 15743K, committed 16000K, reserved 1114112K
  class space    used 1872K, committed 1984K, reserved 1048576K
}
Event: 2.940 GC heap after
{Heap after GC invocations=3 (full 0):
 garbage-first heap   total 120832K, used 13520K [0x000000008a800000, 0x0000000100000000)
  region size 1024K, 9 young (9216K), 9 survivors (9216K)
 Metaspace       used 15743K, committed 16000K, reserved 1114112K
  class space    used 1872K, committed 1984K, reserved 1048576K
}
Event: 3.677 GC heap before
{Heap before GC invocations=3 (full 0):
 garbage-first heap   total 120832K, used 75984K [0x000000008a800000, 0x0000000100000000)
  region size 1024K, 70 young (71680K), 9 survivors (9216K)
 Metaspace       used 16285K, committed 16512K, reserved 1114112K
  class space    used 1876K, committed 1984K, reserved 1048576K
}
Event: 3.695 GC heap after
{Heap after GC invocations=4 (full 0):
 garbage-first heap   total 120832K, used 16896K [0x000000008a800000, 0x0000000100000000)
  region size 1024K, 3 young (3072K), 3 survivors (3072K)
 Metaspace       used 16285K, committed 16512K, reserved 1114112K
  class space    used 1876K, committed 1984K, reserved 1048576K
}
Event: 4.176 GC heap before
{Heap before GC invocations=4 (full 0):
 garbage-first heap   total 120832K, used 85504K [0x000000008a800000, 0x0000000100000000)
  region size 1024K, 70 young (71680K), 3 survivors (3072K)
 Metaspace       used 16531K, committed 16768K, reserved 1114112K
  class space    used 1881K, committed 1984K, reserved 1048576K
}
Event: 5.192 GC heap after
{Heap after GC invocations=5 (full 0):
 garbage-first heap   total 145408K, used 18112K [0x000000008a800000, 0x0000000100000000)
  region size 1024K, 4 young (4096K), 4 survivors (4096K)
 Metaspace       used 16531K, committed 16768K, reserved 1114112K
  class space    used 1881K, committed 1984K, reserved 1048576K
}
Event: 5.219 GC heap before
{Heap before GC invocations=5 (full 0):
 garbage-first heap   total 145408K, used 21184K [0x000000008a800000, 0x0000000100000000)
  region size 1024K, 7 young (7168K), 4 survivors (4096K)
 Metaspace       used 16627K, committed 16832K, reserved 1114112K
  class space    used 1881K, committed 1984K, reserved 1048576K
}
Event: 5.223 GC heap after
{Heap after GC invocations=6 (full 0):
 garbage-first heap   total 145408K, used 18908K [0x000000008a800000, 0x0000000100000000)
  region size 1024K, 1 young (1024K), 1 survivors (1024K)
 Metaspace       used 16627K, committed 16832K, reserved 1114112K
  class space    used 1881K, committed 1984K, reserved 1048576K
}
Event: 5.257 GC heap before
{Heap before GC invocations=6 (full 0):
 garbage-first heap   total 145408K, used 25052K [0x000000008a800000, 0x0000000100000000)
  region size 1024K, 7 young (7168K), 1 survivors (1024K)
 Metaspace       used 16631K, committed 16896K, reserved 1114112K
  class space    used 1881K, committed 1984K, reserved 1048576K
}

